Mean calc base number: 0
Mean calc base number: 1
Mean calc base number: 2
Mean calc base number: 3
Mean calc base number: 4
Mean calc base number: 5
Mean calc base number: 6
Mean calc base number: 7
Mean calc base number: 8
Mean calc base number: 9
Mean calc base number: 10
Mean calc base number: 11
Mean calc base number: 12
Mean calc base number: 13
Mean calc base number: 14
Mean calc base number: 15
Mean calc base number: 16
Mean calc base number: 17
Mean calc base number: 18
Mean calc base number: 19
Mean calc base number: 20
Mean calc base number: 21
Mean calc base number: 22
Mean calc base number: 23
Mean calc base number: 24
Mean calc base number: 25
Mean calc base number: 26
Mean calc base number: 27
Mean calc base number: 28
Mean calc base number: 29
Mean calc base number: 30
Mean calc base number: 31
Mean calc base number: 32
Mean calc base number: 33
Mean calc base number: 34
Mean calc base number: 35
Mean calc base number: 36
Mean calc base number: 37
Mean calc base number: 38
Mean calc base number: 39
Mean calc base number: 40
Mean calc base number: 41
Mean calc base number: 42
Mean calc base number: 43
Mean calc base number: 44
Mean calc base number: 45
Mean calc base number: 46
Mean calc base number: 47
Mean calc base number: 48
Mean calc base number: 49
Mean calc base number: 50
Mean calc base number: 51
Mean calc base number: 52
Mean calc base number: 53
Mean calc base number: 54
Mean calc base number: 55
Mean calc base number: 56
Mean calc base number: 57
Mean calc base number: 58
Mean calc base number: 59
Mean calc base number: 60
Mean calc base number: 61
Mean calc base number: 62
Mean calc base number: 63
Mean calc base number: 64
Mean calc base number: 65
Mean calc base number: 66
Mean calc base number: 67
Mean calc base number: 68
Mean calc base number: 69
Mean calc base number: 70
Mean calc base number: 71
Mean calc base number: 72
Mean calc base number: 73
Mean calc base number: 74
Mean calc base number: 75
Mean calc base number: 76
Mean calc base number: 77
Mean calc base number: 78
Mean calc base number: 79
Mean calc base number: 80
Mean calc base number: 81
Mean calc base number: 82
Mean calc base number: 83
Mean calc base number: 84
Mean calc base number: 85
Mean calc base number: 86
Mean calc base number: 87
Mean calc base number: 88
Mean calc base number: 89
Mean calc base number: 90
Mean calc base number: 91
Mean calc base number: 92
Mean calc base number: 93
Mean calc base number: 94
Mean calc base number: 95
Mean calc base number: 96
Mean calc base number: 97
Mean calc base number: 98
Mean calc base number: 99
Mean calc base number: 100
[31.60229512 31.37801917 35.68878168 36.00772975 36.1716203  39.42468592
 39.82293242 39.59652804 40.02025571 40.10309911 40.16397027 40.18370193
 40.11282756 40.13663702 40.13543937 40.12785511 40.04944039 40.08086609
 40.07946508 40.06889076 40.0570528  40.11635699 40.03625862 40.09253131
 40.04974937 40.02800257 39.98106468 40.00253312 39.94298931 39.99285579
 39.90113927 39.95227163 39.93815617 39.97949927 39.99461622 39.98318071
 39.97769109 39.94811928 39.96631751 39.95960096 39.94026747 39.92447873
 39.91484576 39.91504372 39.83669408 39.87786062 39.88541448 39.88246474
 39.87957895 39.87376548 39.87755637 39.86872176 39.79112499 39.82379338
 39.83356147 39.82914563 39.77491218 39.79447831 39.78607362 39.77612582
 39.75726436 39.75537578 39.70585365 39.72544117 39.71386738 39.70548588
 39.69408168 39.68316301 39.67167705 39.583342   39.60092564 39.5993224
 39.59453565 39.57658019 39.5526284  39.52205128 38.83625268 39.2145466
 39.32262861 39.36984126 39.45999755 39.46754893 39.44445901 39.43057888
 39.41181044 39.40591769 39.36789571 39.22618457 39.26199481 39.27003782
 39.26135095 39.21422118 39.18058418 39.12895704 39.09855062 39.10855089
 39.09102648 38.86525877 38.92069662 39.00233381 37.84990084]
	Command being timed: "./QScore_Dist.py -f /projects/bgmp/shared/2017_sequencing/demultiplexed/14_3B_control_S10_L008_R1_001.fastq.gz -l 101 -o QScore_L2_R1.png"
	User time (seconds): 214.56
	System time (seconds): 0.12
	Percent of CPU this job got: 98%
	Elapsed (wall clock) time (h:mm:ss or m:ss): 3:37.55
	Average shared text size (kbytes): 0
	Average unshared data size (kbytes): 0
	Average stack size (kbytes): 0
	Average total size (kbytes): 0
	Maximum resident set size (kbytes): 69164
	Average resident set size (kbytes): 0
	Major (requiring I/O) page faults: 0
	Minor (reclaiming a frame) page faults: 28591
	Voluntary context switches: 1556
	Involuntary context switches: 70
	Swaps: 0
	File system inputs: 0
	File system outputs: 0
	Socket messages sent: 0
	Socket messages received: 0
	Signals delivered: 0
	Page size (bytes): 4096
	Exit status: 0
